<?xml version="1.0" encoding="UTF-8"?>
<excelConfig>
	<parameters>
		<!--保存时使用的模板,根据配置文件生成的excel,需要将数据保存为excel到本地,然后有save方法,再生成sql,保存到本地-->
		<parameter name="outputFilePath" value=""/>
	</parameters>
	<models cls="">
		<!--
			单表查询显示
			测试显示多个根.
		-->
		<model  id="ZZStudent_Query">
			<parameters>
				<parameter name="userid" class="java.lang.String" value="@@Userid"/>
			</parameters>
			<SQLStrs>
				<sqlStr>
					<![CDATA[
						SELECT Sno, Sname, Sex, Sage, Sdept
						FROM dbo.ZZStudent
						WHERE Sno ='$P!{userid}';
					]]>
				</sqlStr>
			</SQLStrs>
		</model>
		<model  id="ZZStudent_Query1">
			<parameters>
				<parameter name="Sno" class="java.lang.String" value="1"/>
			</parameters>
			<SQLStrs>
				<sqlStr>
					<![CDATA[
						SELECT Sno, Sname, Sex, Sage, Sdept
						FROM dbo.ZZStudent
					]]>
				</sqlStr>
			</SQLStrs>
		</model>
		<model  id="ZZStudent_Query1">
			<parameters>
				<parameter name="Sno" class="java.lang.String" value="@Userid"/>
			</parameters>
			<SQLStrs>
				<sqlStr>
					<![CDATA[
						SELECT Sno, Sname, Sex, Sage, Sdept
						FROM dbo.ZZStudent
					]]>
				</sqlStr>
			</SQLStrs>
		</model>

	</models>
 		<views   action="query">
				<view modelid="ZZStudent_Query" sheetName="sheet1"   top="1" left="1">
					<propertys>
						<property 	cellIndex="0,1" feild="Sno" 	type="java.lang.Integer"  />
						<property 	cellIndex="0,1" feild="Sname"   type="java.lang.String" />
						<property 	cellIndex="0,1"	feild="Sex" 	type="java.lang.String" />
						<property 	cellIndex="0,1"	feild="Sage" 	type="java.lang.String" />
						<property 	cellIndex="0,1"	feild="Sdept" 	type="java.lang.String" />
						<property 	cellIndex="0,1"	feild="Sdept" 	type="java.lang.String"
									getValueFunction="com.thinkgem.jeesite.common.excelConfig.impl.GenID"
						/>
					</propertys>
				</view>

			<view modelid="ZZStudent_Query1" sheetName="sheet1"   top="1" left="1">
				<propertys>
					<property 	cellIndex="0,1" feild="Sno" 	type="java.lang.Integer"  />
					<property 	cellIndex="0,1" feild="Sname"   type="java.lang.String" />
					<property 	cellIndex="0,1"	feild="Sex" 	type="java.lang.String" />
					<property 	cellIndex="0,1"	feild="Sage" 	type="java.lang.String" />
					<property 	cellIndex="0,1"	feild="Sdept" 	type="java.lang.String" />
					<property 	cellIndex="0,1"	feild="Sdept" 	type="java.lang.String"
								 getValueFunction="com.thinkgem.jeesite.common.excelConfig.impl.GenID"
					/>
				</propertys>
			</view>

		</views>

</excelConfig>