<?xml version="1.0" encoding="UTF-8"?>

<excelConfig>
	<parameters>
		<!--保存时使用的模板,根据配置文件生成的excel,需要将数据保存为excel到本地,然后有save方法,再生成sql,保存到本地-->
		<parameter name="outputFilePath" value=""/>
		<parameter name="template_FilePath" value="E:\CODE\src\main\java\com\thinkgem\jeesite\common\excelConfig\xml\TEST-3.xlsx"/>

	</parameters>
	<models cls="">
		<!--
			单表查询显示  利用简单Excel模板进行显示
			仅用来展示报表
			格式为 modelID.属性
			例如表如果要显示	某个view 中的 Sno字段
			excel表中的配置为：ZZStudent_Query.sno
			modelID大小写敏感，必须一致，属性字段全部为小写
		-->
		<model  id="ZZStudent_Query">
			<parameters>
				<parameter name="Sno" class="java.lang.String" value="1"/>
			</parameters>
			<SQLStrs>
				<sqlStr>
					<![CDATA[
						SELECT Sno, Sname, Sex, Sage, Sdept
						FROM dbo.ZZStudent
						--WHERE Sno ='$P!{Sno}';
					]]>
				</sqlStr>
			</SQLStrs>
		</model>
	</models>
 		<views   action="query">
				<view modelid="ZZStudent_Query" sheetName="sheet1"   top="1" left="1">
					<propertys>
						<property 	cellIndex="0,1" feild="Sno" 	type="java.lang.Integer"  />
						<property 	cellIndex="0,1" feild="Sname"   type="java.lang.String" />
						<property 	cellIndex="0,1"	feild="Sex" 	type="java.lang.String" />
						<property 	cellIndex="0,1"	feild="Sage" 	type="java.lang.String" />
						<property 	cellIndex="0,1"	feild="Sdept" 	type="java.lang.String" />
						<property 	cellIndex="0,1"	feild="Sdept" 	type="java.lang.String"
									getValueFunction="com.thinkgem.jeesite.common.excelConfig.impl.GenID"
						/>
					</propertys>
				</view>
		</views>

</excelConfig>